# JRE version: OpenJDK Runtime Environment Corretto-17.0.7.7.1 (17.0.7+7) (build 17.0.7+7-LTS)
# Java VM: OpenJDK 64-Bit Server VM Corretto-17.0.7.7.1 (17.0.7+7-LTS, mixed mode, sharing, tiered, compressed oops, compressed class ptrs, g1 gc, windows-amd64)
GC Precious Log:
 CPUs: 4 total, 4 available
 Memory: 12118M
 Large Page Support: Disabled
 NUMA Support: Disabled
 Compressed Oops: Enabled (Zero based)
 Heap Region Size: 2M
 Heap Min Capacity: 8M
 Heap Initial Capacity: 190M
 Heap Max Capacity: 3030M
 Pre-touch: Disabled
 Parallel Workers: 4
 Concurrent Workers: 1
 Concurrent Refinement Workers: 4
 Periodic GC: Disabled
Heap:
 garbage-first heap   total 71680K, used 31954K [0x0000000742a00000, 0x0000000800000000)
  region size 2048K, 2 young (4096K), 1 survivors (2048K)
 Metaspace       used 71931K, committed 72512K, reserved 1114112K
  class space    used 9650K, committed 9920K, reserved 1048576K
GC Heap History (20 events):
Event: 860.958 GC heap before
{Heap before GC invocations=24 (full 0):
 garbage-first heap   total 71680K, used 52588K [0x0000000742a00000, 0x0000000800000000)
  region size 2048K, 13 young (26624K), 1 survivors (2048K)
 Metaspace       used 70108K, committed 70656K, reserved 1114112K
  class space    used 9548K, committed 9792K, reserved 1048576K
}
Event: 860.973 GC heap after
{Heap after GC invocations=25 (full 0):
 garbage-first heap   total 71680K, used 30845K [0x0000000742a00000, 0x0000000800000000)
  region size 2048K, 1 young (2048K), 1 survivors (2048K)
 Metaspace       used 70108K, committed 70656K, reserved 1114112K
  class space    used 9548K, committed 9792K, reserved 1048576K
}
Event: 1311.979 GC heap before
{Heap before GC invocations=25 (full 0):
 garbage-first heap   total 71680K, used 55421K [0x0000000742a00000, 0x0000000800000000)
  region size 2048K, 13 young (26624K), 1 survivors (2048K)
 Metaspace       used 70241K, committed 70784K, reserved 1114112K
  class space    used 9548K, committed 9792K, reserved 1048576K
}
Event: 1311.983 GC heap after
{Heap after GC invocations=26 (full 0):
 garbage-first heap   total 71680K, used 30839K [0x0000000742a00000, 0x0000000800000000)
  region size 2048K, 1 young (2048K), 1 survivors (2048K)
 Metaspace       used 70241K, committed 70784K, reserved 1114112K
  class space    used 9548K, committed 9792K, reserved 1048576K
}
Event: 1753.973 GC heap before
{Heap before GC invocations=26 (full 0):
 garbage-first heap   total 71680K, used 57463K [0x0000000742a00000, 0x0000000800000000)
  region size 2048K, 14 young (28672K), 1 survivors (2048K)
 Metaspace       used 70940K, committed 71424K, reserved 1114112K
  class space    used 9629K, committed 9856K, reserved 1048576K
}
Event: 1753.977 GC heap after
{Heap after GC invocations=27 (full 0):
 garbage-first heap   total 71680K, used 31190K [0x0000000742a00000, 0x0000000800000000)
  region size 2048K, 1 young (2048K), 1 survivors (2048K)
 Metaspace       used 70940K, committed 71424K, reserved 1114112K
  class space    used 9629K, committed 9856K, reserved 1048576K
}
Event: 2073.663 GC heap before
{Heap before GC invocations=27 (full 0):
 garbage-first heap   total 71680K, used 57814K [0x0000000742a00000, 0x0000000800000000)
  region size 2048K, 14 young (28672K), 1 survivors (2048K)
 Metaspace       used 71359K, committed 71872K, reserved 1114112K
  class space    used 9641K, committed 9856K, reserved 1048576K
}
Event: 2073.668 GC heap after
{Heap after GC invocations=28 (full 0):
 garbage-first heap   total 71680K, used 31822K [0x0000000742a00000, 0x0000000800000000)
  region size 2048K, 2 young (4096K), 2 survivors (4096K)
 Metaspace       used 71359K, committed 71872K, reserved 1114112K
  class space    used 9641K, committed 9856K, reserved 1048576K
}
Event: 2510.820 GC heap before
{Heap before GC invocations=28 (full 0):
 garbage-first heap   total 71680K, used 56398K [0x0000000742a00000, 0x0000000800000000)
  region size 2048K, 14 young (28672K), 2 survivors (4096K)
 Metaspace       used 71546K, committed 72128K, reserved 1114112K
  class space    used 9650K, committed 9920K, reserved 1048576K
}
Event: 2510.825 GC heap after
{Heap after GC invocations=29 (full 0):
 garbage-first heap   total 71680K, used 32005K [0x0000000742a00000, 0x0000000800000000)
  region size 2048K, 2 young (4096K), 2 survivors (4096K)
 Metaspace       used 71546K, committed 72128K, reserved 1114112K
  class space    used 9650K, committed 9920K, reserved 1048576K
}
Event: 2954.049 GC heap before
{Heap before GC invocations=29 (full 0):
 garbage-first heap   total 71680K, used 56581K [0x0000000742a00000, 0x0000000800000000)
  region size 2048K, 14 young (28672K), 2 survivors (4096K)
 Metaspace       used 71704K, committed 72256K, reserved 1114112K
  class space    used 9650K, committed 9920K, reserved 1048576K
}
Event: 2954.053 GC heap after
{Heap after GC invocations=30 (full 0):
 garbage-first heap   total 71680K, used 31988K [0x0000000742a00000, 0x0000000800000000)
  region size 2048K, 2 young (4096K), 2 survivors (4096K)
 Metaspace       used 71704K, committed 72256K, reserved 1114112K
  class space    used 9650K, committed 9920K, reserved 1048576K
}
Event: 3413.617 GC heap before
{Heap before GC invocations=30 (full 0):
 garbage-first heap   total 71680K, used 56564K [0x0000000742a00000, 0x0000000800000000)
  region size 2048K, 14 young (28672K), 2 survivors (4096K)
 Metaspace       used 71741K, committed 72320K, reserved 1114112K
  class space    used 9650K, committed 9920K, reserved 1048576K
}
Event: 3413.625 GC heap after
{Heap after GC invocations=31 (full 0):
 garbage-first heap   total 71680K, used 31981K [0x0000000742a00000, 0x0000000800000000)
  region size 2048K, 2 young (4096K), 2 survivors (4096K)
 Metaspace       used 71741K, committed 72320K, reserved 1114112K
  class space    used 9650K, committed 9920K, reserved 1048576K
}
Event: 3823.281 GC heap before
{Heap before GC invocations=31 (full 0):
 garbage-first heap   total 71680K, used 56557K [0x0000000742a00000, 0x0000000800000000)
  region size 2048K, 14 young (28672K), 2 survivors (4096K)
 Metaspace       used 71837K, committed 72448K, reserved 1114112K
  class space    used 9650K, committed 9920K, reserved 1048576K
}
Event: 3823.286 GC heap after
{Heap after GC invocations=32 (full 0):
 garbage-first heap   total 71680K, used 32267K [0x0000000742a00000, 0x0000000800000000)
  region size 2048K, 2 young (4096K), 2 survivors (4096K)
 Metaspace       used 71837K, committed 72448K, reserved 1114112K
  class space    used 9650K, committed 9920K, reserved 1048576K
}
Event: 4283.875 GC heap before
{Heap before GC invocations=32 (full 0):
 garbage-first heap   total 71680K, used 56843K [0x0000000742a00000, 0x0000000800000000)
  region size 2048K, 14 young (28672K), 2 survivors (4096K)
 Metaspace       used 71904K, committed 72512K, reserved 1114112K
  class space    used 9650K, committed 9920K, reserved 1048576K
}
Event: 4283.883 GC heap after
{Heap after GC invocations=33 (full 0):
 garbage-first heap   total 71680K, used 32294K [0x0000000742a00000, 0x0000000800000000)
  region size 2048K, 1 young (2048K), 1 survivors (2048K)
 Metaspace       used 71904K, committed 72512K, reserved 1114112K
  class space    used 9650K, committed 9920K, reserved 1048576K
}
Event: 4800.747 GC heap before
{Heap before GC invocations=33 (full 0):
 garbage-first heap   total 71680K, used 58918K [0x0000000742a00000, 0x0000000800000000)
  region size 2048K, 14 young (28672K), 1 survivors (2048K)
 Metaspace       used 71931K, committed 72512K, reserved 1114112K
  class space    used 9650K, committed 9920K, reserved 1048576K
}
Event: 4800.753 GC heap after
{Heap after GC invocations=34 (full 0):
 garbage-first heap   total 71680K, used 31954K [0x0000000742a00000, 0x0000000800000000)
  region size 2048K, 1 young (2048K), 1 survivors (2048K)
 Metaspace       used 71931K, committed 72512K, reserved 1114112K
  class space    used 9650K, committed 9920K, reserved 1048576K
}

