# JRE version: OpenJDK Runtime Environment Corretto-17.0.7.7.1 (17.0.7+7) (build 17.0.7+7-LTS)
# Java VM: OpenJDK 64-Bit Server VM Corretto-17.0.7.7.1 (17.0.7+7-LTS, mixed mode, sharing, tiered, compressed oops, compressed class ptrs, g1 gc, windows-amd64)
GC Precious Log:
 CPUs: 4 total, 4 available
 Memory: 12118M
 Large Page Support: Disabled
 NUMA Support: Disabled
 Compressed Oops: Enabled (Zero based)
 Heap Region Size: 2M
 Heap Min Capacity: 8M
 Heap Initial Capacity: 190M
 Heap Max Capacity: 3030M
 Pre-touch: Disabled
 Parallel Workers: 4
 Concurrent Workers: 1
 Concurrent Refinement Workers: 4
 Periodic GC: Disabled
Heap:
 garbage-first heap   total 67584K, used 36566K [0x0000000742a00000, 0x0000000800000000)
  region size 2048K, 4 young (8192K), 1 survivors (2048K)
 Metaspace       used 71754K, committed 72320K, reserved 1114112K
  class space    used 9670K, committed 9920K, reserved 1048576K
GC Heap History (20 events):
Event: 10.251 GC heap after
{Heap after GC invocations=15 (full 0):
 garbage-first heap   total 67584K, used 24119K [0x0000000742a00000, 0x0000000800000000)
  region size 2048K, 2 young (4096K), 2 survivors (4096K)
 Metaspace       used 57571K, committed 58112K, reserved 1114112K
  class space    used 7681K, committed 7936K, reserved 1048576K
}
Event: 10.487 GC heap before
{Heap before GC invocations=15 (full 0):
 garbage-first heap   total 67584K, used 32311K [0x0000000742a00000, 0x0000000800000000)
  region size 2048K, 8 young (16384K), 2 survivors (4096K)
 Metaspace       used 59607K, committed 60096K, reserved 1114112K
  class space    used 8068K, committed 8320K, reserved 1048576K
}
Event: 10.493 GC heap after
{Heap after GC invocations=16 (full 0):
 garbage-first heap   total 67584K, used 25239K [0x0000000742a00000, 0x0000000800000000)
  region size 2048K, 1 young (2048K), 1 survivors (2048K)
 Metaspace       used 59607K, committed 60096K, reserved 1114112K
  class space    used 8068K, committed 8320K, reserved 1048576K
}
Event: 10.826 GC heap before
{Heap before GC invocations=17 (full 0):
 garbage-first heap   total 67584K, used 49815K [0x0000000742a00000, 0x0000000800000000)
  region size 2048K, 14 young (28672K), 1 survivors (2048K)
 Metaspace       used 60442K, committed 60928K, reserved 1114112K
  class space    used 8264K, committed 8512K, reserved 1048576K
}
Event: 10.830 GC heap after
{Heap after GC invocations=18 (full 0):
 garbage-first heap   total 67584K, used 25743K [0x0000000742a00000, 0x0000000800000000)
  region size 2048K, 1 young (2048K), 1 survivors (2048K)
 Metaspace       used 60442K, committed 60928K, reserved 1114112K
  class space    used 8264K, committed 8512K, reserved 1048576K
}
Event: 11.329 GC heap before
{Heap before GC invocations=19 (full 0):
 garbage-first heap   total 67584K, used 52367K [0x0000000742a00000, 0x0000000800000000)
  region size 2048K, 14 young (28672K), 1 survivors (2048K)
 Metaspace       used 62140K, committed 62592K, reserved 1114112K
  class space    used 8515K, committed 8768K, reserved 1048576K
}
Event: 11.336 GC heap after
{Heap after GC invocations=20 (full 0):
 garbage-first heap   total 67584K, used 27101K [0x0000000742a00000, 0x0000000800000000)
  region size 2048K, 2 young (4096K), 2 survivors (4096K)
 Metaspace       used 62140K, committed 62592K, reserved 1114112K
  class space    used 8515K, committed 8768K, reserved 1048576K
}
Event: 12.065 GC heap before
{Heap before GC invocations=20 (full 0):
 garbage-first heap   total 67584K, used 51677K [0x0000000742a00000, 0x0000000800000000)
  region size 2048K, 14 young (28672K), 2 survivors (4096K)
 Metaspace       used 64895K, committed 65408K, reserved 1114112K
  class space    used 8885K, committed 9152K, reserved 1048576K
}
Event: 12.073 GC heap after
{Heap after GC invocations=21 (full 0):
 garbage-first heap   total 67584K, used 29411K [0x0000000742a00000, 0x0000000800000000)
  region size 2048K, 2 young (4096K), 2 survivors (4096K)
 Metaspace       used 64895K, committed 65408K, reserved 1114112K
  class space    used 8885K, committed 9152K, reserved 1048576K
}
Event: 44.989 GC heap before
{Heap before GC invocations=21 (full 0):
 garbage-first heap   total 67584K, used 51939K [0x0000000742a00000, 0x0000000800000000)
  region size 2048K, 13 young (26624K), 2 survivors (4096K)
 Metaspace       used 69453K, committed 69952K, reserved 1114112K
  class space    used 9496K, committed 9728K, reserved 1048576K
}
Event: 44.995 GC heap after
{Heap after GC invocations=22 (full 0):
 garbage-first heap   total 67584K, used 30589K [0x0000000742a00000, 0x0000000800000000)
  region size 2048K, 1 young (2048K), 1 survivors (2048K)
 Metaspace       used 69453K, committed 69952K, reserved 1114112K
  class space    used 9496K, committed 9728K, reserved 1048576K
}
Event: 302.342 GC heap before
{Heap before GC invocations=22 (full 0):
 garbage-first heap   total 67584K, used 51069K [0x0000000742a00000, 0x0000000800000000)
  region size 2048K, 11 young (22528K), 1 survivors (2048K)
 Metaspace       used 70709K, committed 71232K, reserved 1114112K
  class space    used 9632K, committed 9856K, reserved 1048576K
}
Event: 302.345 GC heap after
{Heap after GC invocations=23 (full 0):
 garbage-first heap   total 67584K, used 30907K [0x0000000742a00000, 0x0000000800000000)
  region size 2048K, 1 young (2048K), 1 survivors (2048K)
 Metaspace       used 70709K, committed 71232K, reserved 1114112K
  class space    used 9632K, committed 9856K, reserved 1048576K
}
Event: 488.110 GC heap before
{Heap before GC invocations=24 (full 0):
 garbage-first heap   total 67584K, used 49339K [0x0000000742a00000, 0x0000000800000000)
  region size 2048K, 11 young (22528K), 1 survivors (2048K)
 Metaspace       used 71265K, committed 71872K, reserved 1114112K
  class space    used 9646K, committed 9920K, reserved 1048576K
}
Event: 488.123 GC heap after
{Heap after GC invocations=25 (full 0):
 garbage-first heap   total 67584K, used 31006K [0x0000000742a00000, 0x0000000800000000)
  region size 2048K, 1 young (2048K), 1 survivors (2048K)
 Metaspace       used 71265K, committed 71872K, reserved 1114112K
  class space    used 9646K, committed 9920K, reserved 1048576K
}
Event: 690.084 GC heap before
{Heap before GC invocations=25 (full 0):
 garbage-first heap   total 67584K, used 53534K [0x0000000742a00000, 0x0000000800000000)
  region size 2048K, 12 young (24576K), 1 survivors (2048K)
 Metaspace       used 71579K, committed 72192K, reserved 1114112K
  class space    used 9650K, committed 9920K, reserved 1048576K
}
Event: 690.091 GC heap after
{Heap after GC invocations=26 (full 0):
 garbage-first heap   total 67584K, used 31020K [0x0000000742a00000, 0x0000000800000000)
  region size 2048K, 1 young (2048K), 1 survivors (2048K)
 Metaspace       used 71579K, committed 72192K, reserved 1114112K
  class space    used 9650K, committed 9920K, reserved 1048576K
}
Event: 1109.406 GC heap before
{Heap before GC invocations=27 (full 0):
 garbage-first heap   total 67584K, used 53548K [0x0000000742a00000, 0x0000000800000000)
  region size 2048K, 12 young (24576K), 1 survivors (2048K)
 Metaspace       used 71655K, committed 72256K, reserved 1114112K
  class space    used 9650K, committed 9920K, reserved 1048576K
}
Event: 1109.410 GC heap after
{Heap after GC invocations=28 (full 0):
 garbage-first heap   total 67584K, used 31020K [0x0000000742a00000, 0x0000000800000000)
  region size 2048K, 1 young (2048K), 1 survivors (2048K)
 Metaspace       used 71655K, committed 72256K, reserved 1114112K
  class space    used 9650K, committed 9920K, reserved 1048576K
}
Event: 1200.391 GC heap before
{Heap before GC invocations=28 (full 0):
 garbage-first heap   total 67584K, used 35116K [0x0000000742a00000, 0x0000000800000000)
  region size 2048K, 4 young (8192K), 1 survivors (2048K)
 Metaspace       used 71754K, committed 72320K, reserved 1114112K
  class space    used 9670K, committed 9920K, reserved 1048576K
}

