# JRE version: OpenJDK Runtime Environment Corretto-17.0.7.7.1 (17.0.7+7) (build 17.0.7+7-LTS)
# Java VM: OpenJDK 64-Bit Server VM Corretto-17.0.7.7.1 (17.0.7+7-LTS, mixed mode, sharing, tiered, compressed oops, compressed class ptrs, g1 gc, windows-amd64)
GC Precious Log:
 CPUs: 4 total, 4 available
 Memory: 12118M
 Large Page Support: Disabled
 NUMA Support: Disabled
 Compressed Oops: Enabled (Zero based)
 Heap Region Size: 2M
 Heap Min Capacity: 8M
 Heap Initial Capacity: 190M
 Heap Max Capacity: 3030M
 Pre-touch: Disabled
 Parallel Workers: 4
 Concurrent Workers: 1
 Concurrent Refinement Workers: 4
 Periodic GC: Disabled
Heap:
 garbage-first heap   total 104448K, used 65500K [0x0000000742a00000, 0x0000000800000000)
  region size 2048K, 21 young (43008K), 3 survivors (6144K)
 Metaspace       used 70870K, committed 71424K, reserved 1114112K
  class space    used 9660K, committed 9920K, reserved 1048576K
GC Heap History (20 events):
Event: 7.645 GC heap after
{Heap after GC invocations=8 (full 0):
 garbage-first heap   total 79872K, used 16866K [0x0000000742a00000, 0x0000000800000000)
  region size 2048K, 1 young (2048K), 1 survivors (2048K)
 Metaspace       used 29518K, committed 30016K, reserved 1114112K
  class space    used 3738K, committed 3968K, reserved 1048576K
}
Event: 8.619 GC heap before
{Heap before GC invocations=8 (full 0):
 garbage-first heap   total 79872K, used 37346K [0x0000000742a00000, 0x0000000800000000)
  region size 2048K, 12 young (24576K), 1 survivors (2048K)
 Metaspace       used 35738K, committed 36096K, reserved 1114112K
  class space    used 4630K, committed 4800K, reserved 1048576K
}
Event: 8.629 GC heap after
{Heap after GC invocations=9 (full 0):
 garbage-first heap   total 79872K, used 18239K [0x0000000742a00000, 0x0000000800000000)
  region size 2048K, 2 young (4096K), 2 survivors (4096K)
 Metaspace       used 35738K, committed 36096K, reserved 1114112K
  class space    used 4630K, committed 4800K, reserved 1048576K
}
Event: 10.474 GC heap before
{Heap before GC invocations=10 (full 0):
 garbage-first heap   total 75776K, used 53055K [0x0000000742a00000, 0x0000000800000000)
  region size 2048K, 20 young (40960K), 2 survivors (4096K)
 Metaspace       used 48567K, committed 48960K, reserved 1114112K
  class space    used 6427K, committed 6592K, reserved 1048576K
}
Event: 10.482 GC heap after
{Heap after GC invocations=11 (full 0):
 garbage-first heap   total 75776K, used 21317K [0x0000000742a00000, 0x0000000800000000)
  region size 2048K, 3 young (6144K), 3 survivors (6144K)
 Metaspace       used 48567K, committed 48960K, reserved 1114112K
  class space    used 6427K, committed 6592K, reserved 1048576K
}
Event: 10.567 GC heap before
{Heap before GC invocations=11 (full 0):
 garbage-first heap   total 75776K, used 23365K [0x0000000742a00000, 0x0000000800000000)
  region size 2048K, 4 young (8192K), 3 survivors (6144K)
 Metaspace       used 49030K, committed 49408K, reserved 1114112K
  class space    used 6533K, committed 6720K, reserved 1048576K
}
Event: 10.578 GC heap after
{Heap after GC invocations=12 (full 0):
 garbage-first heap   total 75776K, used 21512K [0x0000000742a00000, 0x0000000800000000)
  region size 2048K, 1 young (2048K), 1 survivors (2048K)
 Metaspace       used 49030K, committed 49408K, reserved 1114112K
  class space    used 6533K, committed 6720K, reserved 1048576K
}
Event: 11.909 GC heap before
{Heap before GC invocations=12 (full 0):
 garbage-first heap   total 75776K, used 54280K [0x0000000742a00000, 0x0000000800000000)
  region size 2048K, 17 young (34816K), 1 survivors (2048K)
 Metaspace       used 55644K, committed 56128K, reserved 1114112K
  class space    used 7445K, committed 7680K, reserved 1048576K
}
Event: 11.915 GC heap after
{Heap after GC invocations=13 (full 0):
 garbage-first heap   total 75776K, used 22778K [0x0000000742a00000, 0x0000000800000000)
  region size 2048K, 1 young (2048K), 1 survivors (2048K)
 Metaspace       used 55644K, committed 56128K, reserved 1114112K
  class space    used 7445K, committed 7680K, reserved 1048576K
}
Event: 12.504 GC heap before
{Heap before GC invocations=13 (full 0):
 garbage-first heap   total 75776K, used 49402K [0x0000000742a00000, 0x0000000800000000)
  region size 2048K, 15 young (30720K), 1 survivors (2048K)
 Metaspace       used 59960K, committed 60480K, reserved 1114112K
  class space    used 8162K, committed 8448K, reserved 1048576K
}
Event: 12.510 GC heap after
{Heap after GC invocations=14 (full 0):
 garbage-first heap   total 75776K, used 24378K [0x0000000742a00000, 0x0000000800000000)
  region size 2048K, 2 young (4096K), 2 survivors (4096K)
 Metaspace       used 59960K, committed 60480K, reserved 1114112K
  class space    used 8162K, committed 8448K, reserved 1048576K
}
Event: 13.133 GC heap before
{Heap before GC invocations=15 (full 0):
 garbage-first heap   total 75776K, used 55098K [0x0000000742a00000, 0x0000000800000000)
  region size 2048K, 17 young (34816K), 2 survivors (4096K)
 Metaspace       used 60458K, committed 60928K, reserved 1114112K
  class space    used 8273K, committed 8512K, reserved 1048576K
}
Event: 13.140 GC heap after
{Heap after GC invocations=16 (full 0):
 garbage-first heap   total 75776K, used 25446K [0x0000000742a00000, 0x0000000800000000)
  region size 2048K, 2 young (4096K), 2 survivors (4096K)
 Metaspace       used 60458K, committed 60928K, reserved 1114112K
  class space    used 8273K, committed 8512K, reserved 1048576K
}
Event: 13.796 GC heap before
{Heap before GC invocations=16 (full 0):
 garbage-first heap   total 75776K, used 56166K [0x0000000742a00000, 0x0000000800000000)
  region size 2048K, 17 young (34816K), 2 survivors (4096K)
 Metaspace       used 62979K, committed 63488K, reserved 1114112K
  class space    used 8625K, committed 8896K, reserved 1048576K
}
Event: 13.805 GC heap after
{Heap after GC invocations=17 (full 0):
 garbage-first heap   total 75776K, used 27422K [0x0000000742a00000, 0x0000000800000000)
  region size 2048K, 3 young (6144K), 3 survivors (6144K)
 Metaspace       used 62979K, committed 63488K, reserved 1114112K
  class space    used 8625K, committed 8896K, reserved 1048576K
}
Event: 61.307 GC heap before
{Heap before GC invocations=17 (full 0):
 garbage-first heap   total 75776K, used 56094K [0x0000000742a00000, 0x0000000800000000)
  region size 2048K, 17 young (34816K), 3 survivors (6144K)
 Metaspace       used 66538K, committed 67008K, reserved 1114112K
  class space    used 9128K, committed 9344K, reserved 1048576K
}
Event: 61.317 GC heap after
{Heap after GC invocations=18 (full 0):
 garbage-first heap   total 104448K, used 29433K [0x0000000742a00000, 0x0000000800000000)
  region size 2048K, 3 young (6144K), 3 survivors (6144K)
 Metaspace       used 66538K, committed 67008K, reserved 1114112K
  class space    used 9128K, committed 9344K, reserved 1048576K
}
Event: 638.104 GC heap before
{Heap before GC invocations=18 (full 0):
 garbage-first heap   total 104448K, used 76537K [0x0000000742a00000, 0x0000000800000000)
  region size 2048K, 27 young (55296K), 3 survivors (6144K)
 Metaspace       used 70748K, committed 71296K, reserved 1114112K
  class space    used 9641K, committed 9920K, reserved 1048576K
}
Event: 638.113 GC heap after
{Heap after GC invocations=19 (full 0):
 garbage-first heap   total 104448K, used 30606K [0x0000000742a00000, 0x0000000800000000)
  region size 2048K, 3 young (6144K), 3 survivors (6144K)
 Metaspace       used 70748K, committed 71296K, reserved 1114112K
  class space    used 9641K, committed 9920K, reserved 1048576K
}
Event: 1331.175 GC heap before
{Heap before GC invocations=19 (full 0):
 garbage-first heap   total 104448K, used 65422K [0x0000000742a00000, 0x0000000800000000)
  region size 2048K, 21 young (43008K), 3 survivors (6144K)
 Metaspace       used 70870K, committed 71424K, reserved 1114112K
  class space    used 9660K, committed 9920K, reserved 1048576K
}

